{"level":30,"time":1782019704746,"pid":928,"hostname":"DESKTOP-P675BUJ","index[key]":{"selector":"#name","values":["","name family","name","name_family","name%$","123","John123","O'Connor","Anne-Marie","李小龍"," ","A","VeryLongNameThatExceedsNormalLengthForTestingPurpose","name!","@name","name#","name$","name%","name^","name&"]}}
{"level":30,"time":1782019704746,"pid":928,"hostname":"DESKTOP-P675BUJ","index[key]":{"selector":"#phone","values":["","05","+54 9 11 0000-0000","050000000","123","000-000-0000","+1 (555) 555-5555","5555555555","+44 20 7946 0958","123456789012345","+123-456-7890","abcde","++123456","12 34 56","0 5 5 0 0 0 0 0 0","(050) 0000-0000","+54-9-11-1234-5678","+540500000000"]}}
{"level":30,"time":1782019704746,"pid":928,"hostname":"DESKTOP-P675BUJ","index[key]":{"selector":"#company","values":["","^&","BBC","Company123","Acme!","O'Reilly","Mega_Corp","Test&Co","MyCompany$","LongCompanyNameThatExceedsLimits","12345","@Company","Company#","Company%","Company^","Company*","Company(","Company)","Company+","Company="]}}
{"level":30,"time":1782019704747,"pid":928,"hostname":"DESKTOP-P675BUJ","index[key]":{"selector":"#employees","values":["1-10","11-50","51-500","500+"]}}
{"level":30,"time":1782019704747,"pid":928,"hostname":"DESKTOP-P675BUJ","index[key]":{"selector":"#email","values":["","afekalrn@gmail.com","kgmail.com","$","user@","@domain.com","user@domain","user@domain..com","user.name+test@example.com","user_name@example.co.uk","user-name@sub.domain.com","user@123.123.123.123","plainaddress","missingatsign.com","missingdomain@.com","name@domain.c","name@domain.toolongtld","name@domain..com","user@domain#com","user@domain!com"]}}
{"level":30,"time":1782019704747,"pid":928,"hostname":"DESKTOP-P675BUJ","index[key]":{"selector":"#website","values":["","https://test.netlify.app/","https://example.com","http://example.com","not_a_valid_url","ftp://invalid-protocol.com","https://this-domain-does-not-exist-123456789.com","localhost:3000"]}}
{"level":30,"time":1782019704747,"pid":928,"hostname":"DESKTOP-P675BUJ","index[key]":{"selector":"xpath=/html/body/div[1]/div[2]/div[2]/div/form/p[7]/button","values":[]}}
{"level":30,"time":1782019704926,"pid":928,"hostname":"DESKTOP-P675BUJ","key":"name_family"}
{"level":30,"time":1782019704926,"pid":928,"hostname":"DESKTOP-P675BUJ","key":"050000000"}
{"level":30,"time":1782019704926,"pid":928,"hostname":"DESKTOP-P675BUJ","key":"Company123"}
{"level":30,"time":1782019704926,"pid":928,"hostname":"DESKTOP-P675BUJ","key":"500+"}
{"level":30,"time":1782019704926,"pid":928,"hostname":"DESKTOP-P675BUJ","key":"$"}
{"level":30,"time":1782019704926,"pid":928,"hostname":"DESKTOP-P675BUJ","key":"http://example.com"}
{"level":30,"time":1782019704926,"pid":928,"hostname":"DESKTOP-P675BUJ","key":""}
{"level":30,"time":1782019704926,"pid":928,"hostname":"DESKTOP-P675BUJ","action":""}
{"level":30,"time":1782019705844,"pid":928,"hostname":"DESKTOP-P675BUJ","action":"name_family"}
{"level":30,"time":1782019705901,"pid":928,"hostname":"DESKTOP-P675BUJ","action":"050000000"}
{"level":30,"time":1782019705918,"pid":928,"hostname":"DESKTOP-P675BUJ","action":"Company123"}
{"level":30,"time":1782019705931,"pid":928,"hostname":"DESKTOP-P675BUJ","selector":"#employees"}
{"level":30,"time":1782019705931,"pid":928,"hostname":"DESKTOP-P675BUJ","action":"employees"}
{"level":30,"time":1782019705939,"pid":928,"hostname":"DESKTOP-P675BUJ","action":"$"}
{"level":30,"time":1782019705952,"pid":928,"hostname":"DESKTOP-P675BUJ","action":"http://example.com"}
{"level":30,"time":1782019706127,"pid":928,"hostname":"DESKTOP-P675BUJ","action":"C:\\Users\\User\\puppjs\\screenshots\\beforeClick.png"}
{"level":30,"time":1782019706614,"pid":928,"hostname":"DESKTOP-P675BUJ","action":""}
{"level":30,"time":1782019706876,"pid":928,"hostname":"DESKTOP-P675BUJ","action":"C:\\Users\\User\\puppjs\\screenshots\\AfterClick.png"}
{"level":30,"time":1782019707369,"pid":928,"hostname":"DESKTOP-P675BUJ","action":"name"}
{"level":30,"time":1782019707380,"pid":928,"hostname":"DESKTOP-P675BUJ","action":"phone"}
{"level":30,"time":1782019707389,"pid":928,"hostname":"DESKTOP-P675BUJ","action":"company"}
{"level":30,"time":1782019707410,"pid":928,"hostname":"DESKTOP-P675BUJ","action":"email"}
{"level":30,"time":1782019707418,"pid":928,"hostname":"DESKTOP-P675BUJ","action":"website"}
